<?xml version="1.0" encoding="UTF-8"?>
<!-- Generated by org.testng.reporters.JUnitReportReporter -->
<testsuite hostname="IMIBLR-NB186" failures="0" tests="1" name="com.md.tests.HelloTest" time="0.008" errors="0" timestamp="23 Nov 2023 06:14:19 GMT" skipped="0">
  <testcase classname="com.md.tests.HelloTest" name="test" time="0.008"/>
</testsuite> <!-- com.md.tests.HelloTest -->
