<?xml version="1.0" encoding="UTF-8"?>
<!-- Generated by org.testng.reporters.JUnitReportReporter -->
<testsuite hostname="IMIBLR-NB186" failures="0" tests="2" name="com.md.tests.OrangeHRMTests" time="23.224" errors="0" timestamp="03 Jan 2024 06:44:21 GMT" skipped="0">
  <testcase classname="com.md.tests.OrangeHRMTests" name="newTest" time="11.604"/>
  <testcase classname="com.md.tests.OrangeHRMTests" name="loginLogoutTest" time="11.620"/>
</testsuite> <!-- com.md.tests.OrangeHRMTests -->
