<?xml version="1.0" encoding="UTF-8"?>
<!-- Generated by org.testng.reporters.JUnitReportReporter -->
<testsuite hostname="IMIBLR-NB186" failures="0" tests="1" name="com.md.tests.AmazonDemoTests" time="4.617" errors="0" timestamp="30 Dec 2023 15:51:30 GMT" skipped="0">
  <testcase classname="com.md.tests.AmazonDemoTests" name="amazonTest" time="4.617"/>
</testsuite> <!-- com.md.tests.AmazonDemoTests -->
