<?xml version="1.0" encoding="UTF-8"?>
<!-- Generated by org.testng.reporters.JUnitReportReporter -->
<testsuite hostname="IMIBLR-NB186" failures="0" tests="1" name="com.md.reports.FrameworkLogger" time="0.040" errors="0" timestamp="26 Dec 2023 19:14:19 GMT" skipped="0">
  <testcase classname="com.md.reports.FrameworkLogger" name="test" time="0.040"/>
</testsuite> <!-- com.md.reports.FrameworkLogger -->
