<?xml version="1.0" encoding="UTF-8"?>
<!-- Generated by org.testng.reporters.JUnitReportReporter -->
<testsuite hostname="IMIBLR-NB186" failures="0" tests="2" name="com.md.tests.ChildTest" time="0.002" errors="0" timestamp="17 Nov 2023 11:16:19 GMT" skipped="0">
  <testcase classname="com.md.tests.ChildTest" name="test2" time="0.002"/>
  <testcase classname="com.md.tests.ChildTest" name="test1" time="0.000"/>
</testsuite> <!-- com.md.tests.ChildTest -->
