<?xml version="1.0" encoding="UTF-8"?>
<!-- Generated by org.testng.reporters.JUnitReportReporter -->
<testsuite hostname="IMIBLR-NB186" failures="0" tests="1" name="com.md.tests.Dummy" time="0.020" errors="0" timestamp="27 Nov 2023 09:56:26 GMT" skipped="0">
  <testcase classname="com.md.tests.Dummy" name="test" time="0.020"/>
</testsuite> <!-- com.md.tests.Dummy -->
