<?xml version="1.0" encoding="UTF-8"?>
<!-- Generated by org.testng.reporters.JUnitReportReporter -->
<testsuite hostname="IMIBLR-NB186" failures="0" tests="3" name="com.md.tests.DataUtil" time="0.009" errors="0" timestamp="16 Nov 2023 18:14:47 GMT" skipped="0">
  <testcase classname="com.md.tests.DataUtil" name="test" time="0.007"/>
  <testcase classname="com.md.tests.DataUtil" name="test" time="0.001"/>
  <testcase classname="com.md.tests.DataUtil" name="test" time="0.001"/>
</testsuite> <!-- com.md.tests.DataUtil -->
