<?xml version="1.0" encoding="UTF-8"?>
<!-- Generated by org.testng.reporters.JUnitReportReporter -->
<testsuite hostname="IMIBLR-NB186" failures="0" tests="1" name="com.md.tests.JsonUtil" time="0.010" errors="0" timestamp="17 Nov 2023 09:53:15 GMT" skipped="0">
  <testcase classname="com.md.tests.JsonUtil" name="test" time="0.010"/>
</testsuite> <!-- com.md.tests.JsonUtil -->
